<?xml version="1.0" encoding="UTF-8"?>
<!-- Generated by org.testng.reporters.JUnitReportReporter -->
<testsuite hostname="DESKTOP-B1HDJAB" failures="0" tests="1" name="com.crm.PRACTICE.AssertLoginPage" time="3.688" errors="0" timestamp="2022-05-03T14:22:29 IST" skipped="0">
  <testcase classname="com.crm.PRACTICE.AssertLoginPage" name="assertLoginPage" time="3.688"/>
  <system-out/>
</testsuite> <!-- com.crm.PRACTICE.AssertLoginPage -->
