<?xml version="1.0" encoding="UTF-8"?>
<!-- Generated by org.testng.reporters.JUnitReportReporter -->
<testsuite hostname="DESKTOP-B1HDJAB" failures="0" tests="1" name="com.crm.PRACTICE.VerifyGoogleTitleBySoftAssertion" time="13.099" errors="0" timestamp="2022-05-28T21:46:16 IST" skipped="0">
  <testcase classname="com.crm.PRACTICE.VerifyGoogleTitleBySoftAssertion" name="verifyGoogle" time="13.099"/>
  <system-out/>
</testsuite> <!-- com.crm.PRACTICE.VerifyGoogleTitleBySoftAssertion -->
