<?xml version="1.0" encoding="UTF-8"?>
<!-- Generated by org.testng.reporters.JUnitReportReporter -->
<testsuite hostname="DESKTOP-B1HDJAB" failures="0" tests="1" name="com.crm.OrganizationsTest.CreateOrgTestBaseClassTest" time="19.332" errors="0" timestamp="2022-05-03T05:20:16 IST" skipped="0">
  <testcase classname="com.crm.OrganizationsTest.CreateOrgTestBaseClassTest" name="createOrgTestBaseClass" time="19.332"/>
  <system-out/>
</testsuite> <!-- com.crm.OrganizationsTest.CreateOrgTestBaseClassTest -->
