<?xml version="1.0" encoding="UTF-8"?>
<!-- Generated by org.testng.reporters.JUnitReportReporter -->
<testsuite skipped="0" hostname="DESKTOP-B1HDJAB" name="com.crm.PortalUserBox.CreateContactTC26" tests="1" failures="0" timestamp="2022-02-21T14:51:51 IST" time="18.471" errors="0">
  <testcase name="createContactTC26" time="18.471" classname="com.crm.PortalUserBox.CreateContactTC26"/>
  <system-out/>
</testsuite> <!-- com.crm.PortalUserBox.CreateContactTC26 -->
