<?xml version="1.0" encoding="UTF-8"?>
<!-- Generated by org.testng.reporters.JUnitReportReporter -->
<testsuite skipped="0" hostname="DESKTOP-B1HDJAB" name="com.crm.ContactTest.FifthCheckBox" tests="1" failures="0" timestamp="2022-03-10T10:17:51 IST" time="36.245" errors="0">
  <testcase name="fifthCheckBox" time="36.245" classname="com.crm.ContactTest.FifthCheckBox"/>
  <system-out/>
</testsuite> <!-- com.crm.ContactTest.FifthCheckBox -->
