<?xml version="1.0" encoding="UTF-8"?>
<!-- Generated by org.testng.reporters.JUnitReportReporter -->
<testsuite skipped="0" hostname="DESKTOP-B1HDJAB" name="com.crm.PRACTICE.ReadDataFromCmdLineTest" tests="1" failures="0" timestamp="2022-03-03T10:31:06 IST" time="0.013" errors="0">
  <testcase name="readDataFromCmdLineTest" time="0.013" classname="com.crm.PRACTICE.ReadDataFromCmdLineTest"/>
  <system-out/>
</testsuite> <!-- com.crm.PRACTICE.ReadDataFromCmdLineTest -->
