<?xml version="1.0" encoding="UTF-8"?>
<!-- Generated by org.testng.reporters.JUnitReportReporter -->
<testsuite hostname="DESKTOP-B1HDJAB" failures="0" tests="1" name="com.crm.PRACTICE.WebTableClickOnFifthCheckBox" time="13.736" errors="0" timestamp="2022-05-27T13:45:01 IST" skipped="0">
  <testcase classname="com.crm.PRACTICE.WebTableClickOnFifthCheckBox" name="webTableClickOnCheckBox" time="13.736"/>
  <system-out/>
</testsuite> <!-- com.crm.PRACTICE.WebTableClickOnFifthCheckBox -->
