<?xml version="1.0" encoding="UTF-8"?>
<!-- Generated by org.testng.reporters.JUnitReportReporter -->
<testsuite skipped="0" hostname="DESKTOP-B1HDJAB" name="com.crm.ContactTest.DonotCallBox" tests="1" failures="0" timestamp="2022-02-22T14:49:37 IST" time="24.003" errors="0">
  <testcase name="donotCollBox" time="24.003" classname="com.crm.ContactTest.DonotCallBox"/>
  <system-out/>
</testsuite> <!-- com.crm.ContactTest.DonotCallBox -->
