<?xml version="1.0" encoding="UTF-8"?>
<!-- Generated by org.testng.reporters.JUnitReportReporter -->
<testsuite skipped="0" hostname="DESKTOP-B1HDJAB" name="com.crm.ContactTest.PortalUserBoxPom" tests="1" failures="0" timestamp="2022-03-03T14:53:00 IST" time="24.750" errors="0">
  <testcase name="portalUserBoxPom" time="24.750" classname="com.crm.ContactTest.PortalUserBoxPom"/>
  <system-out/>
</testsuite> <!-- com.crm.ContactTest.PortalUserBoxPom -->
