<?xml version="1.0" encoding="UTF-8"?>
<!-- Generated by org.testng.reporters.JUnitReportReporter -->
<testsuite hostname="DESKTOP-B1HDJAB" failures="0" tests="1" name="com.crm.PRACTICE.PracticeTestNG" time="0.015" errors="0" timestamp="2022-04-04T13:29:58 IST" skipped="0">
  <testcase classname="com.crm.PRACTICE.PracticeTestNG" name="modifyOrg" time="0.015"/>
  <system-out/>
</testsuite> <!-- com.crm.PRACTICE.PracticeTestNG -->
