<?xml version="1.0" encoding="UTF-8"?>
<!-- Generated by org.testng.reporters.JUnitReportReporter -->
<testsuite skipped="0" hostname="DESKTOP-B1HDJAB" name="com.crm.OrganizationsTest.CreateOrganizationWithPropertyFileTest" tests="1" failures="0" timestamp="2022-02-17T09:59:06 IST" time="14.997" errors="0">
  <testcase name="createOrgTest" time="14.997" classname="com.crm.OrganizationsTest.CreateOrganizationWithPropertyFileTest"/>
  <system-out/>
</testsuite> <!-- com.crm.OrganizationsTest.CreateOrganizationWithPropertyFileTest -->
