<?xml version="1.0" encoding="UTF-8"?>
<!-- Generated by org.testng.reporters.JUnitReportReporter -->
<testsuite skipped="0" hostname="DESKTOP-B1HDJAB" name="com.crm.OrganizationsTest.CreateOrgTestBaseClass" tests="1" failures="0" timestamp="2022-03-02T12:53:24 IST" time="11.403" errors="0">
  <testcase name="createOrgTestBaseClass" time="11.403" classname="com.crm.OrganizationsTest.CreateOrgTestBaseClass"/>
  <system-out/>
</testsuite> <!-- com.crm.OrganizationsTest.CreateOrgTestBaseClass -->
