<?xml version="1.0" encoding="UTF-8"?>
<!-- Generated by org.testng.reporters.JUnitReportReporter -->
<testsuite skipped="0" hostname="DESKTOP-B1HDJAB" name="com.crm.CampaignTest.CreateCampaignWithProdGeneric" tests="1" failures="0" timestamp="2022-03-02T09:58:52 IST" time="29.918" errors="0">
  <testcase name="createCampaignWithProdGeneric" time="29.918" classname="com.crm.CampaignTest.CreateCampaignWithProdGeneric"/>
  <system-out/>
</testsuite> <!-- com.crm.CampaignTest.CreateCampaignWithProdGeneric -->
