<?xml version="1.0" encoding="UTF-8"?>
<!-- Generated by org.testng.reporters.JUnitReportReporter -->
<testsuite hostname="DESKTOP-B1HDJAB" failures="0" tests="1" name="com.crm.PRACTICE.SelectNextMonthsDateTest" time="156.527" errors="0" timestamp="2022-05-28T16:54:50 IST" skipped="0">
  <testcase classname="com.crm.PRACTICE.SelectNextMonthsDateTest" name="calender" time="156.527"/>
  <system-out/>
</testsuite> <!-- com.crm.PRACTICE.SelectNextMonthsDateTest -->
