<?xml version="1.0" encoding="UTF-8"?>
<!-- Generated by org.testng.reporters.JUnitReportReporter -->
<testsuite skipped="0" hostname="DESKTOP-B1HDJAB" name="com.crm.PRACTICE.PracticeTestNG" tests="2" failures="0" timestamp="2022-03-04T12:36:06 IST" time="0.008" errors="0">
  <testcase name="createOrg" time="0.007" classname="com.crm.PRACTICE.PracticeTestNG"/>
  <system-out/>
  <testcase name="modifyOrg" time="0.001" classname="com.crm.PRACTICE.PracticeTestNG"/>
  <system-out/>
</testsuite> <!-- com.crm.PRACTICE.PracticeTestNG -->
