<?xml version="1.0" encoding="UTF-8"?>
<!-- Generated by org.testng.reporters.JUnitReportReporter -->
<testsuite hostname="DESKTOP-B1HDJAB" failures="0" tests="1" name="com.crm.OrganizationsTest.CreateOrgtTest" time="23.516" errors="0" timestamp="2022-05-05T17:31:04 IST" skipped="0">
  <testcase classname="com.crm.OrganizationsTest.CreateOrgtTest" name="createOrgTest" time="23.516"/>
  <system-out/>
</testsuite> <!-- com.crm.OrganizationsTest.CreateOrgtTest -->
