<?xml version="1.0" encoding="UTF-8"?>
<!-- Generated by org.testng.reporters.JUnitReportReporter -->
<testsuite hostname="DESKTOP-B1HDJAB" failures="0" tests="1" name="com.crm.PRACTICE.HandleCalenderTodayDtae" time="29.555" errors="0" timestamp="2022-05-28T16:26:59 IST" skipped="0">
  <testcase classname="com.crm.PRACTICE.HandleCalenderTodayDtae" name="handleCalenderTodayDate" time="29.555"/>
  <system-out/>
</testsuite> <!-- com.crm.PRACTICE.HandleCalenderTodayDtae -->
