<?xml version="1.0" encoding="UTF-8"?>
<!-- Generated by org.testng.reporters.JUnitReportReporter -->
<testsuite skipped="0" hostname="DESKTOP-B1HDJAB" name="com.crm.ContactTest.CreateContactWithLeadPom" tests="1" failures="0" timestamp="2022-02-28T14:14:03 IST" time="40.662" errors="0">
  <testcase name="createContactWithLead" time="40.662" classname="com.crm.ContactTest.CreateContactWithLeadPom"/>
  <system-out/>
</testsuite> <!-- com.crm.ContactTest.CreateContactWithLeadPom -->
