<?xml version="1.0" encoding="UTF-8"?>
<!-- Generated by org.testng.reporters.JUnitReportReporter -->
<testsuite skipped="0" hostname="DESKTOP-B1HDJAB" name="com.crm.OrganizationsTest.CreateOrganizationTest" tests="1" failures="0" timestamp="2022-02-16T18:12:03 IST" time="13.467" errors="0">
  <testcase name="createOrganizationTest" time="13.467" classname="com.crm.OrganizationsTest.CreateOrganizationTest"/>
  <system-out/>
</testsuite> <!-- com.crm.OrganizationsTest.CreateOrganizationTest -->
