<?xml version="1.0" encoding="UTF-8"?>
<!-- Generated by org.testng.reporters.JUnitReportReporter -->
<testsuite hostname="DESKTOP-B1HDJAB" failures="0" tests="1" name="com.crm.PRACTICE.AssertLoginPage1" time="23.205" errors="0" timestamp="2022-05-28T20:58:55 IST" skipped="0">
  <testcase classname="com.crm.PRACTICE.AssertLoginPage1" name="assertLoginPage1" time="23.205"/>
  <system-out/>
</testsuite> <!-- com.crm.PRACTICE.AssertLoginPage1 -->
