<?xml version="1.0" encoding="UTF-8"?>
<!-- Generated by org.testng.reporters.JUnitReportReporter -->
<testsuite skipped="0" hostname="DESKTOP-B1HDJAB" name="com.crm.OrganizationsTest.CreteContactWithManField" tests="10" failures="0" timestamp="2022-03-01T12:24:05 IST" time="142.841" errors="0">
  <testcase name="createContactWithManField" time="14.070" classname="com.crm.OrganizationsTest.CreteContactWithManField"/>
  <system-out>
    <![CDATA[login successful
navigate to contact link
click on create org link
create org with mandatory field
verification successful]]>
  </system-out>
  <testcase name="createContactWithManField" time="14.656" classname="com.crm.OrganizationsTest.CreteContactWithManField"/>
  <system-out>
    <![CDATA[login successful
navigate to contact link
click on create org link
create org with mandatory field
verification successful]]>
  </system-out>
  <testcase name="createContactWithManField" time="13.756" classname="com.crm.OrganizationsTest.CreteContactWithManField"/>
  <system-out>
    <![CDATA[login successful
navigate to contact link
click on create org link
create org with mandatory field
verification successful]]>
  </system-out>
  <testcase name="createContactWithManField" time="13.648" classname="com.crm.OrganizationsTest.CreteContactWithManField"/>
  <system-out>
    <![CDATA[login successful
navigate to contact link
click on create org link
create org with mandatory field
verification successful]]>
  </system-out>
  <testcase name="createContactWithManField" time="14.961" classname="com.crm.OrganizationsTest.CreteContactWithManField"/>
  <system-out>
    <![CDATA[login successful
navigate to contact link
click on create org link
create org with mandatory field
verification successful]]>
  </system-out>
  <testcase name="createContactWithManField" time="15.141" classname="com.crm.OrganizationsTest.CreteContactWithManField"/>
  <system-out>
    <![CDATA[login successful
navigate to contact link
click on create org link
create org with mandatory field
verification successful]]>
  </system-out>
  <testcase name="createContactWithManField" time="15.970" classname="com.crm.OrganizationsTest.CreteContactWithManField"/>
  <system-out>
    <![CDATA[login successful
navigate to contact link
click on create org link
create org with mandatory field
verification successful]]>
  </system-out>
  <testcase name="createContactWithManField" time="13.779" classname="com.crm.OrganizationsTest.CreteContactWithManField"/>
  <system-out>
    <![CDATA[login successful
navigate to contact link
click on create org link
create org with mandatory field
verification successful]]>
  </system-out>
  <testcase name="createContactWithManField" time="13.427" classname="com.crm.OrganizationsTest.CreteContactWithManField"/>
  <system-out>
    <![CDATA[login successful
navigate to contact link
click on create org link
create org with mandatory field
verification successful]]>
  </system-out>
  <testcase name="createContactWithManField" time="13.433" classname="com.crm.OrganizationsTest.CreteContactWithManField"/>
  <system-out>
    <![CDATA[login successful
navigate to contact link
click on create org link
create org with mandatory field
verification successful]]>
  </system-out>
</testsuite> <!-- com.crm.OrganizationsTest.CreteContactWithManField -->
