<?xml version="1.0" encoding="UTF-8"?>
<!-- Generated by org.testng.reporters.JUnitReportReporter -->
<testsuite skipped="0" hostname="DESKTOP-B1HDJAB" name="com.crm.ContactTest.ContactDynamicWebElementTest" tests="1" failures="0" timestamp="2022-03-09T16:59:21 IST" time="8.405" errors="0">
  <testcase name="contactCheckBox" time="8.405" classname="com.crm.ContactTest.ContactDynamicWebElementTest"/>
  <system-out/>
</testsuite> <!-- com.crm.ContactTest.ContactDynamicWebElementTest -->
