<?xml version="1.0" encoding="UTF-8"?>
<!-- Generated by org.testng.reporters.JUnitReportReporter -->
<testsuite skipped="0" hostname="DESKTOP-B1HDJAB" name="com.crm.ContactTest.CreateConactWithOrgPom" tests="1" failures="0" timestamp="2022-02-28T13:10:21 IST" time="39.449" errors="0">
  <testcase name="createContactWithOrgPom" time="39.449" classname="com.crm.ContactTest.CreateConactWithOrgPom"/>
  <system-out/>
</testsuite> <!-- com.crm.ContactTest.CreateConactWithOrgPom -->
