<?xml version="1.0" encoding="UTF-8"?>
<!-- Generated by org.testng.reporters.JUnitReportReporter -->
<testsuite skipped="0" hostname="DESKTOP-B1HDJAB" name="com.crm.OrganizationsTest.CreateOrgTestPom" tests="1" failures="0" timestamp="2022-02-24T12:24:56 IST" time="20.656" errors="0">
  <testcase name="createOrgTestPom" time="20.656" classname="com.crm.OrganizationsTest.CreateOrgTestPom"/>
  <system-out/>
</testsuite> <!-- com.crm.OrganizationsTest.CreateOrgTestPom -->
