<?xml version="1.0" encoding="UTF-8"?>
<!-- Generated by org.testng.reporters.JUnitReportReporter -->
<testsuite skipped="0" hostname="DESKTOP-B1HDJAB" name="com.crm.OrganizationsTest.CreateOrgWithIndBaseClass" tests="2" failures="0" timestamp="2022-03-03T16:46:58 IST" time="25.538" errors="0">
  <testcase name="CreateSampleTestCase1" time="5.049" classname="com.crm.OrganizationsTest.CreateOrgWithIndBaseClass"/>
  <system-out/>
  <testcase name="createOrgWithIndBaseClass" time="20.489" classname="com.crm.OrganizationsTest.CreateOrgWithIndBaseClass"/>
  <system-out/>
</testsuite> <!-- com.crm.OrganizationsTest.CreateOrgWithIndBaseClass -->
