<?xml version="1.0" encoding="UTF-8"?>
<!-- Generated by org.testng.reporters.JUnitReportReporter -->
<testsuite skipped="0" hostname="DESKTOP-B1HDJAB" name="com.crm.ContactTest.ClickOnLastCheckbox" tests="1" failures="0" timestamp="2022-03-10T10:43:34 IST" time="12.311" errors="0">
  <testcase name="clickOnLastCheckbox" time="12.311" classname="com.crm.ContactTest.ClickOnLastCheckbox"/>
  <system-out/>
</testsuite> <!-- com.crm.ContactTest.ClickOnLastCheckbox -->
