<?xml version="1.0" encoding="UTF-8"?>
<!-- Generated by org.testng.reporters.JUnitReportReporter -->
<testsuite skipped="0" hostname="DESKTOP-B1HDJAB" name="com.crm.ContactTest.ContactAllCheckbox1" tests="1" failures="0" timestamp="2022-03-09T16:51:01 IST" time="10.582" errors="0">
  <testcase name="contactAllCheckbox" time="10.582" classname="com.crm.ContactTest.ContactAllCheckbox1"/>
  <system-out/>
</testsuite> <!-- com.crm.ContactTest.ContactAllCheckbox1 -->
