<?xml version="1.0" encoding="UTF-8"?>
<!-- Generated by org.testng.reporters.JUnitReportReporter -->
<testsuite hostname="DESKTOP-B1HDJAB" failures="0" tests="1" name="com.crm.PRACTICE.PrintMobileNames" time="18.403" errors="0" timestamp="2022-05-06T17:57:41 IST" skipped="0">
  <testcase classname="com.crm.PRACTICE.PrintMobileNames" name="printMobileNames" time="18.403"/>
  <system-out/>
</testsuite> <!-- com.crm.PRACTICE.PrintMobileNames -->
