<?xml version="1.0" encoding="UTF-8"?>
<!-- Generated by org.testng.reporters.JUnitReportReporter -->
<testsuite skipped="0" hostname="DESKTOP-B1HDJAB" name="com.crm.CampaignTest.CreateCampainWithProductTestPom" tests="1" failures="0" timestamp="2022-02-25T16:50:45 IST" time="32.483" errors="0">
  <testcase name="createCampainWithProductTestPom" time="32.483" classname="com.crm.CampaignTest.CreateCampainWithProductTestPom"/>
  <system-out/>
</testsuite> <!-- com.crm.CampaignTest.CreateCampainWithProductTestPom -->
