<?xml version="1.0" encoding="UTF-8"?>
<!-- Generated by org.testng.reporters.JUnitReportReporter -->
<testsuite skipped="0" hostname="DESKTOP-B1HDJAB" name="com.crm.CampaignTest.CreateCampaignWithProductBaseClass" tests="1" failures="0" timestamp="2022-03-01T21:38:14 IST" time="37.898" errors="0">
  <testcase name="createCampaignWithProductBaseClass" time="37.898" classname="com.crm.CampaignTest.CreateCampaignWithProductBaseClass"/>
  <system-out/>
</testsuite> <!-- com.crm.CampaignTest.CreateCampaignWithProductBaseClass -->
