<?xml version="1.0" encoding="UTF-8"?>
<!-- Generated by org.testng.reporters.JUnitReportReporter -->
<testsuite skipped="0" hostname="DESKTOP-B1HDJAB" name="com.crm.PRACTICE.DataProviderPractice6cross2" tests="6" failures="0" timestamp="2022-02-28T16:15:00 IST" time="0.014" errors="0">
  <testcase name="saampleDataProviderPractice" time="0.001" classname="com.crm.PRACTICE.DataProviderPractice6cross2"/>
  <system-out/>
  <testcase name="saampleDataProviderPractice" time="0.002" classname="com.crm.PRACTICE.DataProviderPractice6cross2"/>
  <system-out/>
  <testcase name="saampleDataProviderPractice" time="0.001" classname="com.crm.PRACTICE.DataProviderPractice6cross2"/>
  <system-out/>
  <testcase name="saampleDataProviderPractice" time="0.007" classname="com.crm.PRACTICE.DataProviderPractice6cross2"/>
  <system-out/>
  <testcase name="saampleDataProviderPractice" time="0.001" classname="com.crm.PRACTICE.DataProviderPractice6cross2"/>
  <system-out/>
  <testcase name="saampleDataProviderPractice" time="0.002" classname="com.crm.PRACTICE.DataProviderPractice6cross2"/>
  <system-out/>
</testsuite> <!-- com.crm.PRACTICE.DataProviderPractice6cross2 -->
