<?xml version="1.0" encoding="UTF-8"?>
<!-- Generated by org.testng.reporters.JUnitReportReporter -->
<testsuite skipped="0" hostname="DESKTOP-B1HDJAB" name="com.crm.PRACTICE.HandleCanlenderTest" tests="1" failures="0" timestamp="2022-03-09T15:24:32 IST" time="16.464" errors="0">
  <testcase name="calender" time="16.464" classname="com.crm.PRACTICE.HandleCanlenderTest"/>
  <system-out/>
</testsuite> <!-- com.crm.PRACTICE.HandleCanlenderTest -->
