<?xml version="1.0" encoding="UTF-8"?>
<!-- Generated by org.testng.reporters.JUnitReportReporter -->
<testsuite skipped="0" hostname="DESKTOP-B1HDJAB" name="com.crm.PRACTICE.HandelCalenderTest1" tests="1" failures="0" timestamp="2022-03-09T16:17:35 IST" time="8.127" errors="0">
  <testcase name="calender1" time="8.127" classname="com.crm.PRACTICE.HandelCalenderTest1"/>
  <system-out/>
</testsuite> <!-- com.crm.PRACTICE.HandelCalenderTest1 -->
