<?xml version="1.0" encoding="UTF-8"?>
<!-- Generated by org.testng.reporters.JUnitReportReporter -->
<testsuite hostname="DESKTOP-B1HDJAB" failures="0" tests="1" name="com.crm.ContactTest.contactDebugging" time="410.615" errors="0" timestamp="2022-03-18T06:21:31 IST" skipped="0">
  <testcase classname="com.crm.ContactTest.contactDebugging" name="contactdebugging" time="410.615"/>
  <system-out/>
</testsuite> <!-- com.crm.ContactTest.contactDebugging -->
