<?xml version="1.0" encoding="UTF-8"?>
<!-- Generated by org.testng.reporters.JUnitReportReporter -->
<testsuite skipped="0" hostname="DESKTOP-B1HDJAB" name="com.crm.PRACTICE.SampleJDBCExecuteQuery" tests="1" failures="0" timestamp="2022-02-16T12:52:42 IST" time="0.415" errors="0">
  <testcase name="sampleJDBCExecuteQuery" time="0.415" classname="com.crm.PRACTICE.SampleJDBCExecuteQuery"/>
  <system-out/>
</testsuite> <!-- com.crm.PRACTICE.SampleJDBCExecuteQuery -->
