<?xml version="1.0" encoding="UTF-8"?>
<!-- Generated by org.testng.reporters.JUnitReportReporter -->
<testsuite hostname="DESKTOP-B1HDJAB" failures="0" tests="1" name="com.crm.PRACTICE.WebTableClickOnAllCheckBoxes" time="23.722" errors="0" timestamp="2022-05-26T23:39:25 IST" skipped="0">
  <testcase classname="com.crm.PRACTICE.WebTableClickOnAllCheckBoxes" name="webTableClickOnAllCheckBoxes" time="23.722"/>
  <system-out/>
</testsuite> <!-- com.crm.PRACTICE.WebTableClickOnAllCheckBoxes -->
