<?xml version="1.0" encoding="UTF-8"?>
<!-- Generated by org.testng.reporters.JUnitReportReporter -->
<testsuite skipped="0" hostname="DESKTOP-B1HDJAB" name="com.crm.ContactTest.PortalUserBox" tests="1" failures="0" timestamp="2022-02-22T10:45:32 IST" time="26.331" errors="0">
  <testcase name="portalUserBox" time="26.331" classname="com.crm.ContactTest.PortalUserBox"/>
  <system-out/>
</testsuite> <!-- com.crm.ContactTest.PortalUserBox -->
