<?xml version="1.0" encoding="UTF-8"?>
<!-- Generated by org.testng.reporters.JUnitReportReporter -->
<testsuite skipped="0" hostname="DESKTOP-B1HDJAB" name="com.crm.PRACTICE.PracticeForGenericUtils" tests="1" failures="0" timestamp="2022-02-22T10:47:06 IST" time="1.455" errors="0">
  <testcase name="practice" time="1.455" classname="com.crm.PRACTICE.PracticeForGenericUtils"/>
  <system-out/>
</testsuite> <!-- com.crm.PRACTICE.PracticeForGenericUtils -->
