<?xml version="1.0" encoding="UTF-8"?>
<!-- Generated by org.testng.reporters.JUnitReportReporter -->
<testsuite skipped="0" hostname="DESKTOP-B1HDJAB" name="com.crm.PRACTICE.DataVerification" tests="1" failures="0" timestamp="2022-02-16T14:53:10 IST" time="0.281" errors="0">
  <testcase name="dataVerification" time="0.281" classname="com.crm.PRACTICE.DataVerification"/>
  <system-out/>
</testsuite> <!-- com.crm.PRACTICE.DataVerification -->
