<?xml version="1.0" encoding="UTF-8"?>
<!-- Generated by org.testng.reporters.JUnitReportReporter -->
<testsuite skipped="0" hostname="DESKTOP-B1HDJAB" name="com.crm.PRACTICE.CurrentDate" tests="1" failures="0" timestamp="2022-03-10T10:34:45 IST" time="0.019" errors="0">
  <testcase name="currentDate" time="0.019" classname="com.crm.PRACTICE.CurrentDate"/>
  <system-out/>
</testsuite> <!-- com.crm.PRACTICE.CurrentDate -->
