<?xml version="1.0" encoding="UTF-8"?>
<!-- Generated by org.testng.reporters.JUnitReportReporter -->
<testsuite hostname="DESKTOP-B1HDJAB" failures="0" tests="1" name="com.crm.OrganizationsTest.Debugging" time="1425.932" errors="0" timestamp="2022-03-18T05:50:18 IST" skipped="0">
  <testcase classname="com.crm.OrganizationsTest.Debugging" name="debugging" time="1425.932"/>
  <system-out/>
</testsuite> <!-- com.crm.OrganizationsTest.Debugging -->
