<?xml version="1.0" encoding="UTF-8"?>
<!-- Generated by org.testng.reporters.JUnitReportReporter -->
<testsuite skipped="0" hostname="DESKTOP-B1HDJAB" name="com.crm.PRACTICE.PropertyFilePractice" tests="1" failures="0" timestamp="2022-03-13T15:13:07 IST" time="0.008" errors="0">
  <testcase name="propertyFile" time="0.008" classname="com.crm.PRACTICE.PropertyFilePractice"/>
  <system-out/>
</testsuite> <!-- com.crm.PRACTICE.PropertyFilePractice -->
