<?xml version="1.0" encoding="UTF-8"?>
<!-- Generated by org.testng.reporters.JUnitReportReporter -->
<testsuite skipped="0" hostname="DESKTOP-B1HDJAB" name="com.crm.OrganizationsTest.CreateOrgWithIndTypeDropDown" tests="6" failures="0" timestamp="2022-03-01T12:16:56 IST" time="105.528" errors="0">
  <testcase name="createContactWithManField" time="15.469" classname="com.crm.OrganizationsTest.CreateOrgWithIndTypeDropDown"/>
  <system-out>
    <![CDATA[login successful
click on create org link
click on create lookup page
create org with type]]>
  </system-out>
  <testcase name="createContactWithManField" time="14.878" classname="com.crm.OrganizationsTest.CreateOrgWithIndTypeDropDown"/>
  <system-out>
    <![CDATA[login successful
click on create org link
click on create lookup page
create org with type]]>
  </system-out>
  <testcase name="createContactWithManField" time="15.827" classname="com.crm.OrganizationsTest.CreateOrgWithIndTypeDropDown"/>
  <system-out>
    <![CDATA[login successful
click on create org link
click on create lookup page
create org with type]]>
  </system-out>
  <testcase name="createContactWithManField" time="14.564" classname="com.crm.OrganizationsTest.CreateOrgWithIndTypeDropDown"/>
  <system-out>
    <![CDATA[login successful
click on create org link
click on create lookup page
create org with type]]>
  </system-out>
  <testcase name="createContactWithManField" time="29.115" classname="com.crm.OrganizationsTest.CreateOrgWithIndTypeDropDown"/>
  <system-out>
    <![CDATA[login successful
click on create org link
click on create lookup page
create org with type]]>
  </system-out>
  <testcase name="createContactWithManField" time="15.675" classname="com.crm.OrganizationsTest.CreateOrgWithIndTypeDropDown"/>
  <system-out>
    <![CDATA[login successful
click on create org link
click on create lookup page
create org with type]]>
  </system-out>
</testsuite> <!-- com.crm.OrganizationsTest.CreateOrgWithIndTypeDropDown -->
