<?xml version="1.0" encoding="UTF-8"?>
<!-- Generated by org.testng.reporters.JUnitReportReporter -->
<testsuite skipped="0" hostname="DESKTOP-B1HDJAB" name="com.crm.ContactTest.ReferenceBox" tests="1" failures="0" timestamp="2022-02-22T14:55:58 IST" time="18.373" errors="0">
  <testcase name="referencebox" time="18.373" classname="com.crm.ContactTest.ReferenceBox"/>
  <system-out/>
</testsuite> <!-- com.crm.ContactTest.ReferenceBox -->
