<?xml version="1.0" encoding="UTF-8"?>
<!-- Generated by org.testng.reporters.JUnitReportReporter -->
<testsuite skipped="0" hostname="DESKTOP-B1HDJAB" name="com.crm.PRACTICE.ReadDataFromSuitXMLfileTest" tests="1" failures="0" timestamp="2022-02-17T15:26:08 IST" time="0.010" errors="0">
  <testcase name="readDataFromSuitXMLfileTest" time="0.010" classname="com.crm.PRACTICE.ReadDataFromSuitXMLfileTest"/>
  <system-out/>
</testsuite> <!-- com.crm.PRACTICE.ReadDataFromSuitXMLfileTest -->
