<?xml version="1.0" encoding="UTF-8"?>
<!-- Generated by org.testng.reporters.JUnitReportReporter -->
<testsuite skipped="0" hostname="DESKTOP-B1HDJAB" name="com.crm.ContactTest.EmailOptOut" tests="1" failures="0" timestamp="2022-02-22T14:36:41 IST" time="18.120" errors="0">
  <testcase name="emailOptOut" time="18.120" classname="com.crm.ContactTest.EmailOptOut"/>
  <system-out/>
</testsuite> <!-- com.crm.ContactTest.EmailOptOut -->
