<?xml version="1.0" encoding="UTF-8"?>
<!-- Generated by org.testng.reporters.JUnitReportReporter -->
<testsuite skipped="0" hostname="DESKTOP-B1HDJAB" name="com.crm.CampaignTest.CreateCampaignWithProductTest" tests="1" failures="0" timestamp="2022-02-24T17:14:29 IST" time="22.241" errors="0">
  <testcase name="createCampaignWithProduct" time="22.241" classname="com.crm.CampaignTest.CreateCampaignWithProductTest"/>
  <system-out/>
</testsuite> <!-- com.crm.CampaignTest.CreateCampaignWithProductTest -->
