<?xml version="1.0" encoding="UTF-8"?>
<!-- Generated by org.testng.reporters.JUnitReportReporter -->
<testsuite skipped="0" hostname="DESKTOP-B1HDJAB" name="com.crm.ContactTest.CreateContactPom" tests="1" failures="0" timestamp="2022-02-24T16:43:52 IST" time="17.556" errors="0">
  <testcase name="createContactPom" time="17.556" classname="com.crm.ContactTest.CreateContactPom"/>
  <system-out/>
</testsuite> <!-- com.crm.ContactTest.CreateContactPom -->
