<?xml version="1.0" encoding="UTF-8"?>
<!-- Generated by org.testng.reporters.JUnitReportReporter -->
<testsuite hostname="DESKTOP-B1HDJAB" failures="0" tests="1" name="com.crm.PRACTICE.ReadDataFromSuitXMLfileTest" time="0.011" errors="0" timestamp="2022-04-09T21:56:40 IST" skipped="0">
  <testcase classname="com.crm.PRACTICE.ReadDataFromSuitXMLfileTest" name="readDataFromSuitXMLfileTest" time="0.011"/>
  <system-out/>
</testsuite> <!-- com.crm.PRACTICE.ReadDataFromSuitXMLfileTest -->
