<?xml version="1.0" encoding="UTF-8"?>
<!-- Generated by org.testng.reporters.JUnitReportReporter -->
<testsuite skipped="0" hostname="DESKTOP-B1HDJAB" name="com.crm.ContactTest.CreateContactWithOrgTest" tests="1" failures="0" timestamp="2022-02-24T12:22:12 IST" time="28.768" errors="0">
  <testcase name="createContactWithOrgTest" time="28.768" classname="com.crm.ContactTest.CreateContactWithOrgTest"/>
  <system-out/>
</testsuite> <!-- com.crm.ContactTest.CreateContactWithOrgTest -->
