<?xml version="1.0" encoding="UTF-8"?>
<!-- Generated by org.testng.reporters.JUnitReportReporter -->
<testsuite hostname="DESKTOP-B1HDJAB" failures="0" tests="1" name="com.crm.PRACTICE.Select9thCheckboxAndDeleteSameCheckbox" time="13.069" errors="0" timestamp="2022-05-27T14:46:51 IST" skipped="0">
  <testcase classname="com.crm.PRACTICE.Select9thCheckboxAndDeleteSameCheckbox" name="select9thCheckboxAndDeleteSameCheckbox" time="13.069"/>
  <system-out/>
</testsuite> <!-- com.crm.PRACTICE.Select9thCheckboxAndDeleteSameCheckbox -->
