<?xml version="1.0" encoding="UTF-8"?>
<!-- Generated by org.testng.reporters.JUnitReportReporter -->
<testsuite skipped="0" hostname="DESKTOP-B1HDJAB" name="com.crm.PRACTICE.DataProviderPractice" tests="4" failures="0" timestamp="2022-02-28T15:50:36 IST" time="0.012" errors="0">
  <testcase name="sampleDatarovider" time="0.001" classname="com.crm.PRACTICE.DataProviderPractice"/>
  <system-out/>
  <testcase name="sampleDatarovider" time="0.002" classname="com.crm.PRACTICE.DataProviderPractice"/>
  <system-out/>
  <testcase name="sampleDatarovider" time="0.007" classname="com.crm.PRACTICE.DataProviderPractice"/>
  <system-out/>
  <testcase name="sampleDatarovider" time="0.002" classname="com.crm.PRACTICE.DataProviderPractice"/>
  <system-out/>
</testsuite> <!-- com.crm.PRACTICE.DataProviderPractice -->
