<?xml version="1.0" encoding="UTF-8"?>
<!-- Generated by org.testng.reporters.JUnitReportReporter -->
<testsuite skipped="0" hostname="DESKTOP-B1HDJAB" name="com.crm.ContactTest.CreateContMultipeDataTest" tests="10" failures="0" timestamp="2022-03-01T12:40:00 IST" time="134.740" errors="0">
  <testcase name="createContactWithManField" time="13.381" classname="com.crm.ContactTest.CreateContMultipeDataTest"/>
  <system-out>
    <![CDATA[login successful
navigate to contact link
click on create org link
create org with mandatory field
verification successful]]>
  </system-out>
  <testcase name="createContactWithManField" time="13.670" classname="com.crm.ContactTest.CreateContMultipeDataTest"/>
  <system-out>
    <![CDATA[login successful
navigate to contact link
click on create org link
create org with mandatory field
verification successful]]>
  </system-out>
  <testcase name="createContactWithManField" time="13.541" classname="com.crm.ContactTest.CreateContMultipeDataTest"/>
  <system-out>
    <![CDATA[login successful
navigate to contact link
click on create org link
create org with mandatory field
verification successful]]>
  </system-out>
  <testcase name="createContactWithManField" time="13.507" classname="com.crm.ContactTest.CreateContMultipeDataTest"/>
  <system-out>
    <![CDATA[login successful
navigate to contact link
click on create org link
create org with mandatory field
verification successful]]>
  </system-out>
  <testcase name="createContactWithManField" time="13.626" classname="com.crm.ContactTest.CreateContMultipeDataTest"/>
  <system-out>
    <![CDATA[login successful
navigate to contact link
click on create org link
create org with mandatory field
verification successful]]>
  </system-out>
  <testcase name="createContactWithManField" time="13.127" classname="com.crm.ContactTest.CreateContMultipeDataTest"/>
  <system-out>
    <![CDATA[login successful
navigate to contact link
click on create org link
create org with mandatory field
verification successful]]>
  </system-out>
  <testcase name="createContactWithManField" time="14.087" classname="com.crm.ContactTest.CreateContMultipeDataTest"/>
  <system-out>
    <![CDATA[login successful
navigate to contact link
click on create org link
create org with mandatory field
verification successful]]>
  </system-out>
  <testcase name="createContactWithManField" time="13.262" classname="com.crm.ContactTest.CreateContMultipeDataTest"/>
  <system-out>
    <![CDATA[login successful
navigate to contact link
click on create org link
create org with mandatory field
verification successful]]>
  </system-out>
  <testcase name="createContactWithManField" time="13.413" classname="com.crm.ContactTest.CreateContMultipeDataTest"/>
  <system-out>
    <![CDATA[login successful
navigate to contact link
click on create org link
create org with mandatory field
verification successful]]>
  </system-out>
  <testcase name="createContactWithManField" time="13.126" classname="com.crm.ContactTest.CreateContMultipeDataTest"/>
  <system-out>
    <![CDATA[login successful
navigate to contact link
click on create org link
create org with mandatory field
verification successful]]>
  </system-out>
</testsuite> <!-- com.crm.ContactTest.CreateContMultipeDataTest -->
