<?xml version="1.0" encoding="UTF-8"?>
<!-- Generated by org.testng.reporters.JUnitReportReporter -->
<testsuite hostname="DESKTOP-B1HDJAB" failures="0" tests="1" name="com.crm.PRACTICE.ReadDataFromExcelSheetTest" time="0.869" errors="0" timestamp="2022-06-06T12:38:19 IST" skipped="0">
  <testcase classname="com.crm.PRACTICE.ReadDataFromExcelSheetTest" name="readDataFromExcel" time="0.869"/>
  <system-out/>
</testsuite> <!-- com.crm.PRACTICE.ReadDataFromExcelSheetTest -->
