<?xml version="1.0" encoding="UTF-8"?>
<!-- Generated by org.testng.reporters.JUnitReportReporter -->
<testsuite hostname="DESKTOP-B1HDJAB" failures="0" tests="1" name="com.crm.PRACTICE.DeselectAllCheckbox" time="136.086" errors="0" timestamp="2022-05-27T14:23:27 IST" skipped="0">
  <testcase classname="com.crm.PRACTICE.DeselectAllCheckbox" name="deselectAllCheckbox" time="136.086"/>
  <system-out/>
</testsuite> <!-- com.crm.PRACTICE.DeselectAllCheckbox -->
