<?xml version="1.0" encoding="UTF-8"?>
<!-- Generated by org.testng.reporters.JUnitReportReporter -->
<testsuite hostname="DESKTOP-B1HDJAB" failures="0" tests="1" name="com.crm.PRACTICE.CaptureTheAllOrganizationName" time="12.308" errors="0" timestamp="2022-05-27T15:09:41 IST" skipped="0">
  <testcase classname="com.crm.PRACTICE.CaptureTheAllOrganizationName" name="captureTheAllOrganizationName" time="12.308"/>
  <system-out/>
</testsuite> <!-- com.crm.PRACTICE.CaptureTheAllOrganizationName -->
