<?xml version="1.0" encoding="UTF-8"?>
<!-- Generated by org.testng.reporters.JUnitReportReporter -->
<testsuite hostname="DESKTOP-B1HDJAB" failures="0" tests="4" name="com.crm.PRACTICE.DataProviderPractice" time="0.032" errors="0" timestamp="2022-05-28T11:42:05 IST" skipped="0">
  <testcase classname="com.crm.PRACTICE.DataProviderPractice" name="sampleDatarovider" time="0.006"/>
  <system-out/>
  <testcase classname="com.crm.PRACTICE.DataProviderPractice" name="sampleDatarovider" time="0.004"/>
  <system-out/>
  <testcase classname="com.crm.PRACTICE.DataProviderPractice" name="sampleDatarovider" time="0.009"/>
  <system-out/>
  <testcase classname="com.crm.PRACTICE.DataProviderPractice" name="sampleDatarovider" time="0.013"/>
  <system-out/>
</testsuite> <!-- com.crm.PRACTICE.DataProviderPractice -->
