<?xml version="1.0" encoding="UTF-8"?>
<!-- Generated by org.testng.reporters.JUnitReportReporter -->
<testsuite skipped="0" hostname="DESKTOP-B1HDJAB" name="com.crm.ContactTest.LastCheckBox" tests="1" failures="0" timestamp="2022-03-09T21:21:06 IST" time="11.514" errors="0">
  <testcase name="lastCheckBox" time="11.514" classname="com.crm.ContactTest.LastCheckBox"/>
  <system-out/>
</testsuite> <!-- com.crm.ContactTest.LastCheckBox -->
