<?xml version="1.0" encoding="UTF-8"?>
<!-- Generated by org.testng.reporters.JUnitReportReporter -->
<testsuite skipped="0" hostname="DESKTOP-B1HDJAB" name="com.crm.PRACTICE.ReadDataFromExcelSheetTest" tests="1" failures="0" timestamp="2022-02-18T13:06:13 IST" time="0.655" errors="0">
  <testcase name="readDataFromExcel" time="0.655" classname="com.crm.PRACTICE.ReadDataFromExcelSheetTest"/>
  <system-out/>
</testsuite> <!-- com.crm.PRACTICE.ReadDataFromExcelSheetTest -->
