<?xml version="1.0" encoding="UTF-8"?>
<!-- Generated by org.testng.reporters.JUnitReportReporter -->
<testsuite skipped="0" hostname="DESKTOP-B1HDJAB" name="com.crm.ContactTest.CreateContactWithOrgaTestGeneric" tests="1" failures="0" timestamp="2022-03-10T10:25:06 IST" time="60.046" errors="0">
  <testcase name="ctreateContactWithOrgTest" time="60.046" classname="com.crm.ContactTest.CreateContactWithOrgaTestGeneric"/>
  <system-out/>
</testsuite> <!-- com.crm.ContactTest.CreateContactWithOrgaTestGeneric -->
