<?xml version="1.0" encoding="UTF-8"?>
<!-- Generated by org.testng.reporters.JUnitReportReporter -->
<testsuite hostname="DESKTOP-B1HDJAB" failures="0" tests="1" name="com.crm.PRACTICE.ReadDataFromCmdLineTest" time="0.010" errors="0" timestamp="2022-04-09T21:49:19 IST" skipped="0">
  <testcase classname="com.crm.PRACTICE.ReadDataFromCmdLineTest" name="readDataFromCmdLineTest" time="0.010"/>
  <system-out/>
</testsuite> <!-- com.crm.PRACTICE.ReadDataFromCmdLineTest -->
