<?xml version="1.0" encoding="UTF-8"?>
<!-- Generated by org.testng.reporters.JUnitReportReporter -->
<testsuite skipped="0" hostname="DESKTOP-B1HDJAB" name="com.crm.PRACTICE.SelectNextMonthsDateTest" tests="1" failures="0" timestamp="2022-03-09T15:40:50 IST" time="190.851" errors="0">
  <testcase name="calender" time="190.851" classname="com.crm.PRACTICE.SelectNextMonthsDateTest"/>
  <system-out/>
</testsuite> <!-- com.crm.PRACTICE.SelectNextMonthsDateTest -->
