<?xml version="1.0" encoding="UTF-8"?>
<!-- Generated by org.testng.reporters.JUnitReportReporter -->
<testsuite skipped="0" hostname="DESKTOP-B1HDJAB" name="com.crm.PRACTICE.BaseClassPractice" tests="2" failures="0" timestamp="2022-03-08T07:52:16 IST" time="0.007" errors="0">
  <testcase name="actualTest" time="0.005" classname="com.crm.PRACTICE.BaseClassPractice"/>
  <system-out/>
  <testcase name="actualTest1" time="0.002" classname="com.crm.PRACTICE.BaseClassPractice"/>
  <system-out/>
</testsuite> <!-- com.crm.PRACTICE.BaseClassPractice -->
