<?xml version="1.0" encoding="UTF-8"?>
<!-- Generated by org.testng.reporters.JUnitReportReporter -->
<testsuite hostname="DESKTOP-B1HDJAB" failures="0" tests="1" name="com.crm.PRACTICE.VerifyGoogleByAssertion" time="8.308" errors="0" timestamp="2022-05-28T21:48:54 IST" skipped="0">
  <testcase classname="com.crm.PRACTICE.VerifyGoogleByAssertion" name="verifyGoogleByAssertion" time="8.308"/>
  <system-out/>
</testsuite> <!-- com.crm.PRACTICE.VerifyGoogleByAssertion -->
