<?xml version="1.0" encoding="UTF-8"?>
<!-- Generated by org.testng.reporters.JUnitReportReporter -->
<testsuite skipped="0" hostname="DESKTOP-B1HDJAB" name="com.crm.ContactTest.CreateContactTest" tests="1" failures="0" timestamp="2022-02-22T20:43:24 IST" time="23.214" errors="0">
  <testcase name="createConatctTest" time="23.214" classname="com.crm.ContactTest.CreateContactTest"/>
  <system-out/>
</testsuite> <!-- com.crm.ContactTest.CreateContactTest -->
