<?xml version="1.0" encoding="UTF-8"?>
<!-- Generated by org.testng.reporters.JUnitReportReporter -->
<testsuite skipped="0" hostname="DESKTOP-B1HDJAB" name="com.crm.ContactTest.ContactAllCheckbox" tests="1" failures="0" timestamp="2022-03-08T14:53:33 IST" time="10.173" errors="0">
  <testcase name="contactAllCheckbox" time="10.173" classname="com.crm.ContactTest.ContactAllCheckbox"/>
  <system-out/>
</testsuite> <!-- com.crm.ContactTest.ContactAllCheckbox -->
