<?xml version="1.0" encoding="UTF-8"?>
<!-- Generated by org.testng.reporters.JUnitReportReporter -->
<testsuite skipped="0" hostname="DESKTOP-B1HDJAB" name="com.crm.ContactTest.CreateContactWithLeadBaseClass" tests="1" failures="0" timestamp="2022-03-01T21:09:37 IST" time="22.935" errors="0">
  <testcase name="createContactWithBaseClass" time="22.935" classname="com.crm.ContactTest.CreateContactWithLeadBaseClass"/>
  <system-out/>
</testsuite> <!-- com.crm.ContactTest.CreateContactWithLeadBaseClass -->
