<?xml version="1.0" encoding="UTF-8"?>
<!-- Generated by org.testng.reporters.JUnitReportReporter -->
<testsuite skipped="0" hostname="DESKTOP-B1HDJAB" name="com.crm.OrganizationsTest.CreateOrgWithMultipleDataTest" tests="8" failures="0" timestamp="2022-03-01T14:41:15 IST" time="192.896" errors="0">
  <testcase name="createorgWithMultipleData" time="20.623" classname="com.crm.OrganizationsTest.CreateOrgWithMultipleDataTest"/>
  <system-out>
    <![CDATA[login Successful
navigate to org link
click on create org link
create org with industry type]]>
  </system-out>
  <testcase name="createorgWithMultipleData" time="26.671" classname="com.crm.OrganizationsTest.CreateOrgWithMultipleDataTest"/>
  <system-out>
    <![CDATA[login Successful
navigate to org link
click on create org link
create org with industry type]]>
  </system-out>
  <testcase name="createorgWithMultipleData" time="26.218" classname="com.crm.OrganizationsTest.CreateOrgWithMultipleDataTest"/>
  <system-out>
    <![CDATA[login Successful
navigate to org link
click on create org link
create org with industry type]]>
  </system-out>
  <testcase name="createorgWithMultipleData" time="21.017" classname="com.crm.OrganizationsTest.CreateOrgWithMultipleDataTest"/>
  <system-out>
    <![CDATA[login Successful
navigate to org link
click on create org link
create org with industry type]]>
  </system-out>
  <testcase name="createorgWithMultipleData" time="24.667" classname="com.crm.OrganizationsTest.CreateOrgWithMultipleDataTest"/>
  <system-out>
    <![CDATA[login Successful
navigate to org link
click on create org link
create org with industry type]]>
  </system-out>
  <testcase name="createorgWithMultipleData" time="22.732" classname="com.crm.OrganizationsTest.CreateOrgWithMultipleDataTest"/>
  <system-out>
    <![CDATA[login Successful
navigate to org link
click on create org link
create org with industry type]]>
  </system-out>
  <testcase name="createorgWithMultipleData" time="23.645" classname="com.crm.OrganizationsTest.CreateOrgWithMultipleDataTest"/>
  <system-out>
    <![CDATA[login Successful
navigate to org link
click on create org link
create org with industry type]]>
  </system-out>
  <testcase name="createorgWithMultipleData" time="27.323" classname="com.crm.OrganizationsTest.CreateOrgWithMultipleDataTest"/>
  <system-out>
    <![CDATA[login Successful
navigate to org link
click on create org link
create org with industry type]]>
  </system-out>
</testsuite> <!-- com.crm.OrganizationsTest.CreateOrgWithMultipleDataTest -->
