<?xml version="1.0" encoding="UTF-8"?>
<!-- Generated by org.testng.reporters.JUnitReportReporter -->
<testsuite skipped="0" hostname="DESKTOP-B1HDJAB" name="com.crm.PRACTICE.SampleJDBCUpdate" tests="1" failures="0" timestamp="2022-02-16T15:20:07 IST" time="0.266" errors="0">
  <testcase name="sampleJDBCQueryUpdate" time="0.266" classname="com.crm.PRACTICE.SampleJDBCUpdate"/>
  <system-out/>
</testsuite> <!-- com.crm.PRACTICE.SampleJDBCUpdate -->
