<?xml version="1.0" encoding="UTF-8"?>
<!-- Generated by org.testng.reporters.JUnitReportReporter -->
<testsuite hostname="DESKTOP-B1HDJAB" failures="0" tests="1" name="com.crm.OrganizationsTest.CreateOrgForAssertionTest1" time="19.620" errors="0" timestamp="2022-05-03T05:52:50 IST" skipped="0">
  <testcase classname="com.crm.OrganizationsTest.CreateOrgForAssertionTest1" name="createOrgWithIndBaseClass" time="19.620"/>
  <system-out>
    <![CDATA[[ ACC120 ] All States_364 - Organization Informationorg created]]>
  </system-out>
</testsuite> <!-- com.crm.OrganizationsTest.CreateOrgForAssertionTest1 -->
