<?xml version="1.0" encoding="UTF-8"?>
<!-- Generated by org.testng.reporters.JUnitReportReporter -->
<testsuite skipped="0" hostname="DESKTOP-B1HDJAB" name="com.crm.PRACTICE.POMPracticeForLogin" tests="1" failures="0" timestamp="2022-02-23T16:37:55 IST" time="14.149" errors="0">
  <testcase name="pomPractice" time="14.149" classname="com.crm.PRACTICE.POMPracticeForLogin"/>
  <system-out/>
</testsuite> <!-- com.crm.PRACTICE.POMPracticeForLogin -->
